GROUP,PACKAGE,CLASS,INSTRUCTION_MISSED,INSTRUCTION_COVERED,BRANCH_MISSED,BRANCH_COVERED,LINE_MISSED,LINE_COVERED,COMPLEXITY_MISSED,COMPLEXITY_COVERED,METHOD_MISSED,METHOD_COVERED
Siddhi io snmp extension,org.wso2.extension.siddhi.io.snmp.sink.exceptions,SNMPSinkRuntimeException,12,0,0,0,6,0,3,0,3,0
Siddhi io snmp extension,org.wso2.extension.siddhi.io.snmp.util.exceptions,SNMPRuntimeException,12,0,0,0,6,0,3,0,3,0
Siddhi io snmp extension,org.wso2.extension.siddhi.io.snmp.source,SNMPPoller,7,40,2,2,3,15,2,4,0,4
Siddhi io snmp extension,org.wso2.extension.siddhi.io.snmp.source,SNMPSource,21,87,0,0,7,22,4,7,4,7
Siddhi io snmp extension,org.wso2.extension.siddhi.io.snmp.source,SNMPServer,68,0,6,0,24,0,11,0,8,0
Siddhi io snmp extension,org.wso2.extension.siddhi.io.snmp.util,SNMPManagerConfig,6,288,3,19,2,69,3,29,0,21
Siddhi io snmp extension,org.wso2.extension.siddhi.io.snmp.util,SNMPValidator,115,353,47,39,13,55,40,25,1,8
Siddhi io snmp extension,org.wso2.extension.siddhi.io.snmp.util,SNMPConstants,3,0,0,0,2,0,1,0,1,0
Siddhi io snmp extension,org.wso2.extension.siddhi.io.snmp.util,SNMPManager,43,229,7,21,6,48,7,14,0,7
Siddhi io snmp extension,org.wso2.extension.siddhi.io.snmp.sink,SNMPSink,55,69,1,1,8,22,3,9,2,9
