GROUP,PACKAGE,CLASS,INSTRUCTION_MISSED,INSTRUCTION_COVERED,BRANCH_MISSED,BRANCH_COVERED,LINE_MISSED,LINE_COVERED,COMPLEXITY_MISSED,COMPLEXITY_COVERED,METHOD_MISSED,METHOD_COVERED
Siddhi io snmp extension,org.wso2.extension.siddhi.io.snmp.manager,Test,4,0,0,0,2,0,2,0,2,0
Siddhi io snmp extension,org.wso2.extension.siddhi.io.snmp.manager,SNMPGetManager,28,47,2,4,3,15,3,4,1,3
Siddhi io snmp extension,org.wso2.extension.siddhi.io.snmp.manager,SNMPManagerConfig,202,123,8,4,55,33,26,10,20,10
Siddhi io snmp extension,org.wso2.extension.siddhi.io.snmp.manager,SNMPServer,35,31,1,1,18,12,8,3,7,3
Siddhi io snmp extension,org.wso2.extension.siddhi.io.snmp.manager,SNMPManager,42,101,3,3,12,23,3,6,1,5
Siddhi io snmp extension,org.wso2.extension.siddhi.io.snmp.manager,SNMPSetManager,25,21,2,2,2,6,2,3,0,3
Siddhi io snmp extension,org.wso2.extension.siddhi.io.snmp.source,SNMPSource,17,126,0,0,8,33,4,8,4,8
Siddhi io snmp extension,org.wso2.extension.siddhi.io.snmp.util,SNMPUtils,28,57,8,6,6,13,7,4,1,3
Siddhi io snmp extension,org.wso2.extension.siddhi.io.snmp.util,SNMPConstants,3,0,0,0,1,0,1,0,1,0
Siddhi io snmp extension,org.wso2.extension.siddhi.io.snmp.sink,SNMPSink,30,130,0,0,6,34,2,10,2,10
