GROUP,PACKAGE,CLASS,INSTRUCTION_MISSED,INSTRUCTION_COVERED,BRANCH_MISSED,BRANCH_COVERED,LINE_MISSED,LINE_COVERED,COMPLEXITY_MISSED,COMPLEXITY_COVERED,METHOD_MISSED,METHOD_COVERED
Siddhi io snmp extension,org.wso2.extension.siddhi.io.snmp.manager,SNMPGetManager,29,100,2,6,2,23,2,6,0,4
Siddhi io snmp extension,org.wso2.extension.siddhi.io.snmp.manager,Server,12,57,2,4,2,20,2,6,0,5
Siddhi io snmp extension,org.wso2.extension.siddhi.io.snmp.manager,SNMPManagerConfig,25,273,3,13,4,66,3,22,0,17
Siddhi io snmp extension,org.wso2.extension.siddhi.io.snmp.manager,SNMPManager,8,79,1,5,3,23,2,7,1,5
Siddhi io snmp extension,org.wso2.extension.siddhi.io.snmp.manager,SNMPSetManager,38,87,4,4,6,12,3,4,1,2
Siddhi io snmp extension,org.wso2.extension.siddhi.io.snmp.source,SNMPSource,25,68,1,1,8,20,5,7,4,7
Siddhi io snmp extension,org.wso2.extension.siddhi.io.snmp.util,SNMPUtils,84,246,37,25,18,60,31,16,1,7
Siddhi io snmp extension,org.wso2.extension.siddhi.io.snmp.util,SNMPConstants,3,0,0,0,1,0,1,0,1,0
Siddhi io snmp extension,org.wso2.extension.siddhi.io.snmp.sink,SNMPSink,30,71,0,0,6,24,2,9,2,9
