GROUP,PACKAGE,CLASS,INSTRUCTION_MISSED,INSTRUCTION_COVERED,BRANCH_MISSED,BRANCH_COVERED,LINE_MISSED,LINE_COVERED,COMPLEXITY_MISSED,COMPLEXITY_COVERED,METHOD_MISSED,METHOD_COVERED
Siddhi io snmp extension,org.wso2.extension.siddhi.io.snmp.manager,SNMPListener,33,45,0,2,8,16,4,4,4,3
Siddhi io snmp extension,org.wso2.extension.siddhi.io.snmp.manager,SNMPGetManager,28,100,2,6,3,25,3,6,1,4
Siddhi io snmp extension,org.wso2.extension.siddhi.io.snmp.manager,SNMPManagerConfig,131,251,6,12,24,62,12,19,7,15
Siddhi io snmp extension,org.wso2.extension.siddhi.io.snmp.manager,SNMPManager,14,65,1,3,5,18,3,5,2,4
Siddhi io snmp extension,org.wso2.extension.siddhi.io.snmp.manager,SNMPSetManager,25,94,2,6,2,15,2,5,0,3
Siddhi io snmp extension,org.wso2.extension.siddhi.io.snmp.source,SNMPSource,26,209,2,4,8,47,6,9,4,8
Siddhi io snmp extension,org.wso2.extension.siddhi.io.snmp.util,SNMPUtils,90,109,38,16,18,26,31,9,1,5
Siddhi io snmp extension,org.wso2.extension.siddhi.io.snmp.util,SNMPConstants,3,0,0,0,1,0,1,0,1,0
Siddhi io snmp extension,org.wso2.extension.siddhi.io.snmp.sink,SNMPSink,34,190,1,3,7,43,3,11,2,10
