GROUP,PACKAGE,CLASS,INSTRUCTION_MISSED,INSTRUCTION_COVERED,BRANCH_MISSED,BRANCH_COVERED,LINE_MISSED,LINE_COVERED,COMPLEXITY_MISSED,COMPLEXITY_COVERED,METHOD_MISSED,METHOD_COVERED
Siddhi io snmp extension,org.wso2.extension.siddhi.io.snmp.source,SNMPSource,14,75,1,1,7,21,5,7,4,7
Siddhi io snmp extension,org.wso2.extension.siddhi.io.snmp.source,SNMPServer,12,54,2,4,2,19,2,6,0,5
Siddhi io snmp extension,org.wso2.extension.siddhi.io.snmp.util,SNMPValidations,118,290,42,26,12,53,34,17,0,8
Siddhi io snmp extension,org.wso2.extension.siddhi.io.snmp.util,SNMPManagerConfig,25,263,3,17,4,64,3,23,0,16
Siddhi io snmp extension,org.wso2.extension.siddhi.io.snmp.util,SNMPConstants,3,0,0,0,1,0,1,0,1,0
Siddhi io snmp extension,org.wso2.extension.siddhi.io.snmp.util,SNMPManager,27,258,8,16,8,53,7,15,1,9
Siddhi io snmp extension,org.wso2.extension.siddhi.io.snmp.sink,SNMPSink,30,65,1,1,6,20,3,9,2,9
