GROUP,PACKAGE,CLASS,INSTRUCTION_MISSED,INSTRUCTION_COVERED,BRANCH_MISSED,BRANCH_COVERED,LINE_MISSED,LINE_COVERED,COMPLEXITY_MISSED,COMPLEXITY_COVERED,METHOD_MISSED,METHOD_COVERED
Siddhi io snmp extension,org.wso2.extension.siddhi.io.snmp.manager,SNMPListener,13,47,0,2,6,17,4,4,4,3
Siddhi io snmp extension,org.wso2.extension.siddhi.io.snmp.manager,SNMPGetManager,28,47,2,4,3,15,3,4,1,3
Siddhi io snmp extension,org.wso2.extension.siddhi.io.snmp.manager,SNMPManagerConfig,131,251,6,12,24,62,12,19,7,15
Siddhi io snmp extension,org.wso2.extension.siddhi.io.snmp.manager,SNMPManager,14,210,1,9,5,43,3,10,2,6
Siddhi io snmp extension,org.wso2.extension.siddhi.io.snmp.manager,SNMPSetManager,25,15,2,2,2,5,2,3,0,3
Siddhi io snmp extension,org.wso2.extension.siddhi.io.snmp.source,SNMPSource,15,215,3,5,7,50,7,9,4,8
Siddhi io snmp extension,org.wso2.extension.siddhi.io.snmp.util,SNMPUtils,90,109,38,16,18,26,31,9,1,5
Siddhi io snmp extension,org.wso2.extension.siddhi.io.snmp.util,SNMPConstants,3,0,0,0,1,0,1,0,1,0
Siddhi io snmp extension,org.wso2.extension.siddhi.io.snmp.sink,SNMPSink,34,194,1,3,7,44,3,11,2,10
