GROUP,PACKAGE,CLASS,INSTRUCTION_MISSED,INSTRUCTION_COVERED,BRANCH_MISSED,BRANCH_COVERED,LINE_MISSED,LINE_COVERED,COMPLEXITY_MISSED,COMPLEXITY_COVERED,METHOD_MISSED,METHOD_COVERED
Siddhi io snmp extension,org.wso2.extension.siddhi.io.snmp.manager,Test,4,0,0,0,2,0,2,0,2,0
Siddhi io snmp extension,org.wso2.extension.siddhi.io.snmp.manager,SNMPGetManager,28,47,2,4,3,15,3,4,1,3
Siddhi io snmp extension,org.wso2.extension.siddhi.io.snmp.manager,SNMPManagerConfig,157,243,9,9,31,61,15,19,8,17
Siddhi io snmp extension,org.wso2.extension.siddhi.io.snmp.manager,SNMPServer,39,33,1,1,20,13,9,5,8,5
Siddhi io snmp extension,org.wso2.extension.siddhi.io.snmp.manager,SNMPManager,18,191,2,8,4,41,3,8,1,5
Siddhi io snmp extension,org.wso2.extension.siddhi.io.snmp.manager,SNMPSetManager,25,21,2,2,2,6,2,3,0,3
Siddhi io snmp extension,org.wso2.extension.siddhi.io.snmp.source,SNMPSource,17,171,0,2,8,38,4,9,4,8
Siddhi io snmp extension,org.wso2.extension.siddhi.io.snmp.util,SNMPUtils,22,63,6,8,4,15,6,5,1,3
Siddhi io snmp extension,org.wso2.extension.siddhi.io.snmp.util,SNMPConstants,3,0,0,0,1,0,1,0,1,0
Siddhi io snmp extension,org.wso2.extension.siddhi.io.snmp.sink,SNMPSink,45,163,1,1,7,39,3,10,2,10
