GROUP,PACKAGE,CLASS,INSTRUCTION_MISSED,INSTRUCTION_COVERED,BRANCH_MISSED,BRANCH_COVERED,LINE_MISSED,LINE_COVERED,COMPLEXITY_MISSED,COMPLEXITY_COVERED,METHOD_MISSED,METHOD_COVERED
Siddhi io snmp extension,org.wso2.extension.siddhi.io.snmp.manager,SNMPManager.new Runnable() {...},25,79,3,5,7,20,3,3,0,2
Siddhi io snmp extension,org.wso2.extension.siddhi.io.snmp.manager,Test,35,0,0,0,12,0,2,0,2,0
Siddhi io snmp extension,org.wso2.extension.siddhi.io.snmp.manager,SNMPManagerConfig,266,157,15,7,66,38,33,12,23,11
Siddhi io snmp extension,org.wso2.extension.siddhi.io.snmp.manager,SNMPManager,187,166,25,7,57,41,20,10,5,9
Siddhi io snmp extension,org.wso2.extension.siddhi.io.snmp.source,SNMPSource,23,124,0,0,10,33,4,8,4,8
Siddhi io snmp extension,org.wso2.extension.siddhi.io.snmp.util,SNMPUtils,13,14,4,2,5,4,4,2,1,2
Siddhi io snmp extension,org.wso2.extension.siddhi.io.snmp.util,SNMPConstants,3,0,0,0,1,0,1,0,1,0
Siddhi io snmp extension,org.wso2.extension.siddhi.io.snmp.sink,SNMPSink,11,121,0,0,6,34,2,10,2,10
