GROUP,PACKAGE,CLASS,INSTRUCTION_MISSED,INSTRUCTION_COVERED,BRANCH_MISSED,BRANCH_COVERED,LINE_MISSED,LINE_COVERED,COMPLEXITY_MISSED,COMPLEXITY_COVERED,METHOD_MISSED,METHOD_COVERED
Siddhi io snmp extension,org.wso2.extension.siddhi.io.snmp.source,SNMPSource,32,98,6,6,10,28,10,7,4,7
Siddhi io snmp extension,org.wso2.extension.siddhi.io.snmp.source,SNMPServer,12,56,2,4,2,22,2,9,0,8
Siddhi io snmp extension,org.wso2.extension.siddhi.io.snmp.util,SNMPValidations,118,307,46,30,12,50,38,19,0,8
Siddhi io snmp extension,org.wso2.extension.siddhi.io.snmp.util,SNMPManagerConfig,6,268,1,17,2,62,1,25,0,17
Siddhi io snmp extension,org.wso2.extension.siddhi.io.snmp.util,SNMPConstants,3,0,0,0,1,0,1,0,1,0
Siddhi io snmp extension,org.wso2.extension.siddhi.io.snmp.util,SNMPManager,20,279,7,19,5,61,7,18,0,12
Siddhi io snmp extension,org.wso2.extension.siddhi.io.snmp.sink,SNMPSink,54,68,1,1,8,21,3,9,2,9
