GROUP,PACKAGE,CLASS,INSTRUCTION_MISSED,INSTRUCTION_COVERED,BRANCH_MISSED,BRANCH_COVERED,LINE_MISSED,LINE_COVERED,COMPLEXITY_MISSED,COMPLEXITY_COVERED,METHOD_MISSED,METHOD_COVERED
Siddhi io snmp extension,org.wso2.extension.siddhi.io.snmp.sink.exceptions,SNMPSinkRuntimeException,12,0,0,0,6,0,3,0,3,0
Siddhi io snmp extension,org.wso2.extension.siddhi.io.snmp.util.exceptions,SNMPRuntimeException,12,0,0,0,6,0,3,0,3,0
Siddhi io snmp extension,org.wso2.extension.siddhi.io.snmp.source,SNMPSource,21,97,2,2,7,25,6,7,4,7
Siddhi io snmp extension,org.wso2.extension.siddhi.io.snmp.source,SNMPListener,5,40,2,2,2,15,2,4,0,4
Siddhi io snmp extension,org.wso2.extension.siddhi.io.snmp.util,SNMPManagerConfig,6,288,3,19,2,69,3,29,0,21
Siddhi io snmp extension,org.wso2.extension.siddhi.io.snmp.util,SNMPValidator,127,384,51,45,14,59,44,28,1,9
Siddhi io snmp extension,org.wso2.extension.siddhi.io.snmp.util,SNMPConstants,3,0,0,0,2,0,1,0,1,0
Siddhi io snmp extension,org.wso2.extension.siddhi.io.snmp.util,SNMPManager,48,232,9,23,7,48,9,14,0,7
Siddhi io snmp extension,org.wso2.extension.siddhi.io.snmp.sink,SNMPSink,55,64,1,1,8,21,3,9,2,9
