<?xml version="1.0" encoding="UTF-8"?>
<!-- Generated by org.testng.reporters.JUnitXMLReporter -->
<testsuite hostname="dhanushka-ThinkPad-T530" ignored="0" name="Siddhi-io-snmp-tests" tests="9" failures="0" timestamp="13 Feb 2019 06:33:45 GMT" time="26.252" errors="0">
  <testcase name="snmpVersion2Sink" time="2.668" classname="org.wso2.extension.siddhi.io.snmp.sink.TestCaseOfSNMPSink"/>
  <testcase name="snmpVersion3Sink" time="1.287" classname="org.wso2.extension.siddhi.io.snmp.sink.TestCaseOfSNMPSink"/>
  <testcase name="snmpVersion1Source" time="3.033" classname="org.wso2.extension.siddhi.io.snmp.source.TestCaseOfSNMPSource"/>
  <testcase name="snmpVersion2Source" time="3.015" classname="org.wso2.extension.siddhi.io.snmp.source.TestCaseOfSNMPSource"/>
  <testcase name="snmpVersion2TCP" time="3.016" classname="org.wso2.extension.siddhi.io.snmp.source.TestCaseOfSNMPSource"/>
  <testcase name="snmpVersion3TCP" time="3.015" classname="org.wso2.extension.siddhi.io.snmp.source.TestCaseOfSNMPSource"/>
  <testcase name="snmpVersion3TestWithAllValues" time="3.012" classname="org.wso2.extension.siddhi.io.snmp.source.TestCaseOfSNMPSource"/>
  <testcase name="snmpVersion3User0001" time="3.015" classname="org.wso2.extension.siddhi.io.snmp.source.TestCaseOfSNMPSource"/>
  <testcase name="snmpVersionAgent5" time="3.012" classname="org.wso2.extension.siddhi.io.snmp.source.TestCaseOfSNMPSource"/>
</testsuite> <!-- Siddhi-io-snmp-tests -->
