<?xml version="1.0" encoding="UTF-8"?>
<!-- Generated by org.testng.reporters.JUnitXMLReporter -->
<testsuite hostname="dhanushka-ThinkPad-T530" ignored="0" name="Siddhi-io-snmp-tests" tests="5" failures="0" timestamp="06 Feb 2019 05:53:03 GMT" time="25.289" errors="0">
  <testcase name="snmpVersion2Sink" time="4.766" classname="org.wso2.extension.siddhi.io.snmp.sink.TestCaseOfSNMPSink"/>
  <testcase name="snmpVersion3Sink" time="3.886" classname="org.wso2.extension.siddhi.io.snmp.sink.TestCaseOfSNMPSink"/>
  <testcase name="snmpVersion1Source" time="5.537" classname="org.wso2.extension.siddhi.io.snmp.source.TestCaseOfSNMPSource"/>
  <testcase name="snmpVersion2Source" time="5.525" classname="org.wso2.extension.siddhi.io.snmp.source.TestCaseOfSNMPSource"/>
  <testcase name="snmpVersion3TestWithAllValues" time="5.525" classname="org.wso2.extension.siddhi.io.snmp.source.TestCaseOfSNMPSource"/>
</testsuite> <!-- Siddhi-io-snmp-tests -->
